<?xml version="1.0" encoding="UTF-8"?><testsuite errors="0" failures="0" name="io.cucumber.core.plugin.JUnitFormatter" skipped="0" tests="1" time="25.398">
<testcase classname="Book a ticket" name="a user can book multiple tickets simultaneously;" time="25.237">
<system-out><![CDATA[Given a user is on redbus site..............................................passed
When user is booking one or more tickets....................................passed
Then user is able to book them..............................................passed
]]></system-out>
</testcase>
</testsuite>
